c:\users\ogiwara\documents\github\opengl\compiler\playground.dir\debug\texture.obj
c:\users\ogiwara\documents\github\opengl\compiler\playground.dir\debug\shader.obj
c:\users\ogiwara\documents\github\opengl\compiler\playground.dir\debug\playground.obj
c:\users\ogiwara\documents\github\opengl\compiler\playground.dir\debug\vc140.pdb
c:\users\ogiwara\documents\github\opengl\compiler\cmakefiles\generate.stamp
c:\users\ogiwara\documents\github\opengl\compiler\playground.dir\debug\playground.vcxprojresolveassemblyreference.cache
c:\users\ogiwara\documents\github\opengl\compiler\debug\playground.pdb
c:\users\ogiwara\documents\github\opengl\compiler\playground.dir\debug\playground.tlog\cl.command.1.tlog
c:\users\ogiwara\documents\github\opengl\compiler\playground.dir\debug\playground.tlog\cl.read.1.tlog
c:\users\ogiwara\documents\github\opengl\compiler\playground.dir\debug\playground.tlog\cl.write.1.tlog
c:\users\ogiwara\documents\github\opengl\compiler\playground.dir\debug\playground.tlog\custombuild.command.1.tlog
c:\users\ogiwara\documents\github\opengl\compiler\playground.dir\debug\playground.tlog\custombuild.read.1.tlog
c:\users\ogiwara\documents\github\opengl\compiler\playground.dir\debug\playground.tlog\custombuild.write.1.tlog
c:\users\ogiwara\documents\github\opengl\compiler\playground.dir\debug\playground.tlog\link-cvtres.read.1.tlog
c:\users\ogiwara\documents\github\opengl\compiler\playground.dir\debug\playground.tlog\link-cvtres.write.1.tlog
c:\users\ogiwara\documents\github\opengl\compiler\playground.dir\debug\playground.tlog\link-rc.read.1.tlog
c:\users\ogiwara\documents\github\opengl\compiler\playground.dir\debug\playground.tlog\link-rc.write.1.tlog
c:\users\ogiwara\documents\github\opengl\compiler\playground.dir\debug\playground.tlog\link.command.1.tlog
c:\users\ogiwara\documents\github\opengl\compiler\playground.dir\debug\playground.tlog\link.read.1.tlog
c:\users\ogiwara\documents\github\opengl\compiler\playground.dir\debug\playground.tlog\link.write.1.tlog
